f:\fms-cdu\x64\debug\vc141.pdb
f:\fms-cdu\x64\debug\vc141.idb
f:\fms-cdu\x64\debug\widgetids.obj
f:\fms-cdu\x64\debug\xpln.obj
f:\fms-cdu\x64\debug\screen.obj
f:\fms-cdu\x64\debug\scratchpad.obj
f:\fms-cdu\x64\debug\route.obj
f:\fms-cdu\x64\debug\pages.obj
f:\fms-cdu\x64\debug\page.obj
f:\fms-cdu\x64\debug\navaid.obj
f:\fms-cdu\x64\debug\data.obj
f:\fms-cdu\x64\debug\aircraft.obj
f:\fms-cdu\x64\debug\win.lib
f:\fms-cdu\x64\debug\win.exp
f:\fms-cdu\x64\debug\win.xpl
f:\fms-cdu\x64\debug\win.ilk
f:\fms-cdu\x64\debug\win.pdb
f:\fms-cdu\x64\debug\fms-cdu.tlog\cl.command.1.tlog
f:\fms-cdu\x64\debug\fms-cdu.tlog\cl.read.1.tlog
f:\fms-cdu\x64\debug\fms-cdu.tlog\cl.write.1.tlog
f:\fms-cdu\x64\debug\fms-cdu.tlog\fms-cdu.write.1u.tlog
f:\fms-cdu\x64\debug\fms-cdu.tlog\link.command.1.tlog
f:\fms-cdu\x64\debug\fms-cdu.tlog\link.read.1.tlog
f:\fms-cdu\x64\debug\fms-cdu.tlog\link.write.1.tlog
